<?xml version="1.0" encoding="UTF-8"?>
<!-- Generated by org.testng.reporters.JUnitXMLReporter -->
<testsuite ignored="4" hostname="LTIN520434" failures="0" tests="33" name="chromeTest" time="323.368" errors="0" timestamp="2024-02-27T16:43:26 IST">
  <testcase classname="testCases.TC_001_Carloan" name="clickcarLoan" time="1.607"/>
  <testcase classname="testCases.TC_001_Carloan" name="CarLoanAmount" time="0.469"/>
  <testcase classname="testCases.TC_001_Carloan" name="validateCarLoanAmount" time="0.007"/>
  <testcase classname="testCases.TC_001_Carloan" name="InterestRate" time="0.699"/>
  <testcase classname="testCases.TC_001_Carloan" name="validateInterestRate" time="0.004"/>
  <testcase classname="testCases.TC_001_Carloan" name="LoanTenure" time="0.3"/>
  <testcase classname="testCases.TC_001_Carloan" name="validateLoanTenure" time="0.002"/>
  <testcase classname="testCases.TC_001_Carloan" name="clickEmiArrears" time="0.115"/>
  <testcase classname="testCases.TC_001_Carloan" name="scrollDownArrearsCarLoanPage" time="0.042"/>
  <testcase classname="testCases.TC_001_Carloan" name="interestArrearsCarLoanPage" time="0.194"/>
  <testcase classname="testCases.TC_001_Carloan" name="principalAmountArrearsCarLoanPage" time="0.042"/>
  <testcase classname="testCases.TC_001_Carloan" name="scrollUpCarLoanPage" time="0.042"/>
  <testcase classname="testCases.TC_001_Carloan" name="clickEmiAdvance" time="0.112"/>
  <testcase classname="testCases.TC_001_Carloan" name="scrollDownAdvanceCarLoanPage" time="0.04"/>
  <testcase classname="testCases.TC_001_Carloan" name="interestAdvanceCarLoanPage" time="0.141"/>
  <testcase classname="testCases.TC_001_Carloan" name="principalAmountAdvanceCarLoanPage" time="0.106"/>
  <testcase classname="testCases.TC_001_Carloan" name="scrollUpPage" time="0.049"/>
  <testcase classname="testCases.TC_002_HomeLoan" name="clickHomeLoan" time="131.495"/>
  <testcase classname="testCases.TC_002_HomeLoan" name="setHomeLoanValues" time="3.164"/>
  <testcase classname="testCases.TC_002_HomeLoan" name="monthlyPaymentDisplayed" time="0.129"/>
  <testcase classname="testCases.TC_002_HomeLoan" name="totalPaymentDisplayed" time="0.084"/>
  <testcase classname="testCases.TC_002_HomeLoan" name="scrollHomeLoanPage" time="0.035"/>
  <testcase classname="testCases.TC_002_HomeLoan" name="handletableheader" time="2.131"/>
  <testcase classname="testCases.TC_002_HomeLoan" name="table" time="8.022"/>
  <testcase classname="testCases.TC_002_HomeLoan" name="pagetop" time="0.033"/>
  <testcase classname="testCases.TC_003_LoanCalculator" name="clickLoanCalculator" time="77.945"/>
  <testcase classname="testCases.TC_003_LoanCalculator" name="checkEmiUI" time="0.25"/>
  <testcase classname="testCases.TC_003_LoanCalculator" name="checkEmiscale" time="0.165"/>
  <testcase classname="testCases.TC_003_LoanCalculator" name="clickLoanAmountCalculator" time="0.088"/>
  <testcase classname="testCases.TC_003_LoanCalculator" name="checkLoanAmountCalculatorUI" time="0.285"/>
  <testcase classname="testCases.TC_003_LoanCalculator" name="checkLoanAmountscale" time="0.277"/>
  <testcase classname="testCases.TC_003_LoanCalculator" name="clickLoanTenureCalculator" time="0.102"/>
  <testcase classname="testCases.TC_003_LoanCalculator" name="checkLoanTenureCalculatorUI" time="0.29"/>
  <testcase classname="testBase.BaseClass" name="@AfterTest tearDown" time="0.0">
    <ignored/>
  </testcase> <!-- @AfterTest tearDown -->
  <testcase classname="testBase.BaseClass" name="@BeforeTest setup" time="0.0">
    <ignored/>
  </testcase> <!-- @BeforeTest setup -->
  <testcase classname="testBase.BaseClass" name="@BeforeTest setup" time="0.0">
    <ignored/>
  </testcase> <!-- @BeforeTest setup -->
  <testcase classname="testBase.BaseClass" name="@AfterTest tearDown" time="0.0">
    <ignored/>
  </testcase> <!-- @AfterTest tearDown -->
</testsuite> <!-- chromeTest -->
